<?xml version="1.0" encoding="UTF-8"?>
<!-- Generated by org.testng.reporters.JUnitReportReporter -->
<testsuite hostname="PRINHYLTPHP0388" name="testNg.TestNGSimpleTest2" tests="5" failures="0" timestamp="4 Dec 2014 02:51:20 GMT" time="0.007" errors="0">
  <testcase name="testAdd4" time="0.002" classname="testNg.TestNGSimpleTest2"/>
  <testcase name="testAdd5" time="0.001" classname="testNg.TestNGSimpleTest2"/>
  <testcase name="testAdd3" time="0.001" classname="testNg.TestNGSimpleTest2"/>
  <testcase name="testAdd2" time="0.001" classname="testNg.TestNGSimpleTest2"/>
  <testcase name="testAdd" time="0.002" classname="testNg.TestNGSimpleTest2"/>
</testsuite> <!-- testNg.TestNGSimpleTest2 -->
